<?xml version="1.0" encoding="UTF-8"?>
<!-- Generated by org.testng.reporters.JUnitReportReporter -->
<testsuite hostname="user-PC" name="com.iCM.scripts.HoldMedicine" tests="1" failures="0" timestamp="25 Feb 2015 13:25:28 GMT" time="405.333" errors="0">
  <testcase name="testHoldMedicine" time="405.333" classname="com.iCM.scripts.HoldMedicine"/>
</testsuite> <!-- com.iCM.scripts.HoldMedicine -->
