<?xml version="1.0" encoding="UTF-8"?>
<!-- Generated by org.testng.reporters.JUnitReportReporter -->
<testsuite hostname="user-PC" name="com.iCM.scripts.EChartAddMedication" tests="1" failures="0" timestamp="11 Mar 2015 13:34:08 GMT" time="171.854" errors="0">
  <testcase name="testEChartAddMedication" time="171.854" classname="com.iCM.scripts.EChartAddMedication"/>
</testsuite> <!-- com.iCM.scripts.EChartAddMedication -->
