<?xml version="1.0" encoding="UTF-8"?>
<!-- Generated by org.testng.reporters.JUnitReportReporter -->
<testsuite hostname="user-PC" name="com.iCM.scripts.AddMedicationEvery7thDay" tests="1" failures="0" timestamp="27 Feb 2015 15:27:37 GMT" time="399.338" errors="0">
  <testcase name="testAddMedicationEvery7thDay" time="399.338" classname="com.iCM.scripts.AddMedicationEvery7thDay"/>
</testsuite> <!-- com.iCM.scripts.AddMedicationEvery7thDay -->
