<?xml version="1.0" encoding="UTF-8"?>
<!-- Generated by org.testng.reporters.JUnitReportReporter -->
<testsuite hostname="user-PC" name="com.iCM.scripts.EChartMedication" tests="1" failures="0" timestamp="25 Feb 2015 12:58:38 GMT" time="97.384" errors="0">
  <testcase name="testEChartMedication" time="97.384" classname="com.iCM.scripts.EChartMedication"/>
</testsuite> <!-- com.iCM.scripts.EChartMedication -->
