<?xml version="1.0" encoding="UTF-8"?>
<!-- Generated by org.testng.reporters.JUnitReportReporter -->
<testsuite hostname="user-PC" name="com.iCM.scripts.EMRAdminResidentHold" tests="1" failures="0" timestamp="10 Mar 2015 15:48:42 GMT" time="303.940" errors="0">
  <testcase name="testEMRAdminResidentHold" time="303.940" classname="com.iCM.scripts.EMRAdminResidentHold"/>
</testsuite> <!-- com.iCM.scripts.EMRAdminResidentHold -->
