<?xml version="1.0" encoding="UTF-8"?>
<!-- Generated by org.testng.reporters.JUnitReportReporter -->
<testsuite hostname="user-PC" name="com.iCM.scripts.AddMedicationEvery4thDay" tests="1" failures="0" timestamp="1 Mar 2015 12:05:43 GMT" time="373.518" errors="0">
  <testcase name="testAddMedicationEvery4thDay" time="373.518" classname="com.iCM.scripts.AddMedicationEvery4thDay"/>
</testsuite> <!-- com.iCM.scripts.AddMedicationEvery4thDay -->
