<?xml version="1.0" encoding="UTF-8"?>
<!-- Generated by org.testng.reporters.JUnitReportReporter -->
<testsuite hostname="user-PC" name="com.iCM.scripts.EChartAddMedication" tests="1" failures="0" timestamp="25 Feb 2015 12:53:36 GMT" time="198.540" errors="0">
  <testcase name="testEChartAddMedication" time="198.540" classname="com.iCM.scripts.EChartAddMedication"/>
</testsuite> <!-- com.iCM.scripts.EChartAddMedication -->
