<?xml version="1.0" encoding="UTF-8"?>
<!-- Generated by org.testng.reporters.JUnitReportReporter -->
<testsuite hostname="user-PC" name="com.iCM.scripts.AddMedicationDayOfMonth" tests="1" failures="0" timestamp="18 Mar 2015 16:37:57 GMT" time="860.831" errors="0">
  <testcase name="testAddMedicationDayOfMonth" time="860.831" classname="com.iCM.scripts.AddMedicationDayOfMonth"/>
</testsuite> <!-- com.iCM.scripts.AddMedicationDayOfMonth -->
