<?xml version="1.0" encoding="UTF-8"?>
<!-- Generated by org.testng.reporters.JUnitReportReporter -->
<testsuite hostname="user-PC" name="com.iCM.scripts.EMRAdminLate" tests="1" failures="0" timestamp="14 Mar 2015 12:22:57 GMT" time="322.658" errors="0">
  <testcase name="testEMRAdminLate" time="322.658" classname="com.iCM.scripts.EMRAdminLate"/>
</testsuite> <!-- com.iCM.scripts.EMRAdminLate -->
