<?xml version="1.0" encoding="UTF-8"?>
<!-- Generated by org.testng.reporters.JUnitReportReporter -->
<testsuite hostname="user-PC" name="com.iCM.scripts.EMRAdministerNotAbleNegaiveValue" tests="1" failures="0" timestamp="10 Mar 2015 16:22:46 GMT" time="89.995" errors="0">
  <testcase name="testEMRAdministerNotAbleNegaiveValue" time="89.995" classname="com.iCM.scripts.EMRAdministerNotAbleNegaiveValue"/>
</testsuite> <!-- com.iCM.scripts.EMRAdministerNotAbleNegaiveValue -->
