<?xml version="1.0" encoding="UTF-8"?>
<!-- Generated by org.testng.reporters.JUnitReportReporter -->
<testsuite hostname="user-PC" name="com.iCM.scripts.EChart" tests="1" failures="0" timestamp="11 Mar 2015 13:34:08 GMT" time="83.102" errors="0">
  <testcase name="testEChart" time="83.102" classname="com.iCM.scripts.EChart"/>
</testsuite> <!-- com.iCM.scripts.EChart -->
