<?xml version="1.0" encoding="UTF-8"?>
<!-- Generated by org.testng.reporters.JUnitReportReporter -->
<testsuite hostname="user-PC" name="com.iCM.scripts.EMRWithoutError" tests="1" failures="0" timestamp="27 Feb 2015 11:32:48 GMT" time="76.184" errors="0">
  <testcase name="testLogin" time="76.184" classname="com.iCM.scripts.EMRWithoutError"/>
</testsuite> <!-- com.iCM.scripts.EMRWithoutError -->
