<?xml version="1.0" encoding="UTF-8"?>
<!-- Generated by org.testng.reporters.JUnitReportReporter -->
<testsuite hostname="user-PC" name="com.iCM.scripts.Omission" tests="1" failures="0" timestamp="25 Feb 2015 13:33:41 GMT" time="338.259" errors="0">
  <testcase name="testOmission" time="338.259" classname="com.iCM.scripts.Omission"/>
</testsuite> <!-- com.iCM.scripts.Omission -->
