<?xml version="1.0" encoding="UTF-8"?>
<!-- Generated by org.testng.reporters.JUnitReportReporter -->
<testsuite hostname="user-PC" name="com.iCM.scripts.AddMedicationEvery14thDay" tests="1" failures="0" timestamp="27 Feb 2015 10:46:06 GMT" time="401.817" errors="0">
  <testcase name="testAddMedicationEvery14thDay" time="401.817" classname="com.iCM.scripts.AddMedicationEvery14thDay"/>
</testsuite> <!-- com.iCM.scripts.AddMedicationEvery14thDay -->
