<?xml version="1.0" encoding="UTF-8"?>
<!-- Generated by org.testng.reporters.JUnitReportReporter -->
<testsuite hostname="user-PC" name="com.iCM.scripts.DCMedication" tests="1" failures="0" timestamp="25 Feb 2015 11:26:00 GMT" time="131.207" errors="0">
  <testcase name="testDCMedication" time="131.207" classname="com.iCM.scripts.DCMedication"/>
</testsuite> <!-- com.iCM.scripts.DCMedication -->
