<?xml version="1.0" encoding="UTF-8"?>
<!-- Generated by org.testng.reporters.JUnitReportReporter -->
<testsuite hostname="user-PC" name="com.iCM.scripts.DCMedication" tests="1" failures="0" timestamp="14 Mar 2015 11:57:10 GMT" time="110.723" errors="0">
  <testcase name="testDCMedication" time="110.723" classname="com.iCM.scripts.DCMedication"/>
</testsuite> <!-- com.iCM.scripts.DCMedication -->
