<?xml version="1.0" encoding="UTF-8"?>
<!-- Generated by org.testng.reporters.JUnitReportReporter -->
<testsuite hostname="user-PC" name="com.iCM.scripts.EMRWithoutError" tests="1" failures="0" timestamp="11 Mar 2015 13:34:08 GMT" time="56.632" errors="0">
  <testcase name="testEMRWithoutError" time="56.632" classname="com.iCM.scripts.EMRWithoutError"/>
</testsuite> <!-- com.iCM.scripts.EMRWithoutError -->
