<?xml version="1.0" encoding="UTF-8"?>
<!-- Generated by org.testng.reporters.JUnitReportReporter -->
<testsuite hostname="user-PC" name="com.iCM.scripts.EChart" tests="1" failures="0" timestamp="11 Feb 2015 07:20:28 GMT" time="106.452" errors="0">
  <testcase name="testEChart" time="106.452" classname="com.iCM.scripts.EChart"/>
</testsuite> <!-- com.iCM.scripts.EChart -->
