<?xml version="1.0" encoding="UTF-8"?>
<!-- Generated by org.testng.reporters.JUnitReportReporter -->
<testsuite hostname="user-PC" name="com.iCM.scripts.ControlledMedication" tests="1" failures="0" timestamp="19 Mar 2015 12:45:51 GMT" time="382.448" errors="0">
  <testcase name="testControlledMedication" time="382.448" classname="com.iCM.scripts.ControlledMedication"/>
</testsuite> <!-- com.iCM.scripts.ControlledMedication -->
