<?xml version="1.0" encoding="UTF-8"?>
<!-- Generated by org.testng.reporters.JUnitReportReporter -->
<testsuite hostname="user-PC" name="com.iCM.scripts.EMROmissionUndo" tests="1" failures="0" timestamp="11 Mar 2015 13:34:08 GMT" time="326.913" errors="0">
  <testcase name="testEMROmissionUndo" time="326.913" classname="com.iCM.scripts.EMROmissionUndo"/>
</testsuite> <!-- com.iCM.scripts.EMROmissionUndo -->
