<?xml version="1.0" encoding="UTF-8"?>
<!-- Generated by org.testng.reporters.JUnitReportReporter -->
<testsuite hostname="user-PC" name="com.iCM.scripts.EMRAdministerMonthlyViewOrange" tests="1" failures="0" timestamp="10 Mar 2015 16:17:21 GMT" time="103.677" errors="0">
  <testcase name="testEMRAdministerMonthlyViewOrange" time="103.677" classname="com.iCM.scripts.EMRAdministerMonthlyViewOrange"/>
</testsuite> <!-- com.iCM.scripts.EMRAdministerMonthlyViewOrange -->
