<?xml version="1.0" encoding="UTF-8"?>
<!-- Generated by org.testng.reporters.JUnitReportReporter -->
<testsuite hostname="user-PC" name="com.iCM.scripts.EMRAdministerNotAbleNegaiveValue" tests="1" failures="0" timestamp="11 Mar 2015 13:34:08 GMT" time="84.052" errors="0">
  <testcase name="testEMRAdministerNotAbleNegaiveValue" time="84.052" classname="com.iCM.scripts.EMRAdministerNotAbleNegaiveValue"/>
</testsuite> <!-- com.iCM.scripts.EMRAdministerNotAbleNegaiveValue -->
