<?xml version="1.0" encoding="UTF-8"?>
<!-- Generated by org.testng.reporters.JUnitReportReporter -->
<testsuite hostname="user-PC" name="com.iCM.scripts.EMRAdminResidentHoldRecordUpdated" tests="1" failures="0" timestamp="14 Mar 2015 12:57:33 GMT" time="364.262" errors="0">
  <testcase name="testEMRAdminResidentHoldRecordUpdated" time="364.262" classname="com.iCM.scripts.EMRAdminResidentHoldRecordUpdated"/>
</testsuite> <!-- com.iCM.scripts.EMRAdminResidentHoldRecordUpdated -->
