<?xml version="1.0" encoding="UTF-8"?>
<!-- Generated by org.testng.reporters.JUnitReportReporter -->
<testsuite hostname="user-PC" name="com.iCM.scripts.ViewEChartMedication" tests="1" failures="0" timestamp="25 Feb 2015 13:39:25 GMT" time="105.353" errors="0">
  <testcase name="testViewEChartMedication" time="105.353" classname="com.iCM.scripts.ViewEChartMedication"/>
</testsuite> <!-- com.iCM.scripts.ViewEChartMedication -->
