<?xml version="1.0" encoding="UTF-8"?>
<!-- Generated by org.testng.reporters.JUnitReportReporter -->
<testsuite hostname="user-PC" name="com.iCM.scripts.EMRAdminResidentPhysically" tests="1" failures="0" timestamp="10 Mar 2015 15:54:21 GMT" time="305.404" errors="0">
  <testcase name="testEMRAdminResidentHold" time="305.404" classname="com.iCM.scripts.EMRAdminResidentPhysically"/>
</testsuite> <!-- com.iCM.scripts.EMRAdminResidentPhysically -->
