<?xml version="1.0" encoding="UTF-8"?>
<!-- Generated by org.testng.reporters.JUnitReportReporter -->
<testsuite hostname="user-PC" name="com.iCM.scripts.Omission" tests="1" failures="0" timestamp="11 Mar 2015 13:34:08 GMT" time="302.760" errors="0">
  <testcase name="testOmission" time="302.760" classname="com.iCM.scripts.Omission"/>
</testsuite> <!-- com.iCM.scripts.Omission -->
