<?xml version="1.0" encoding="UTF-8"?>
<!-- Generated by org.testng.reporters.JUnitReportReporter -->
<testsuite hostname="user-PC" name="com.iCM.scripts.EChart" tests="1" failures="0" timestamp="14 Mar 2015 11:59:11 GMT" time="90.114" errors="0">
  <testcase name="testEChart" time="90.114" classname="com.iCM.scripts.EChart"/>
</testsuite> <!-- com.iCM.scripts.EChart -->
