<?xml version="1.0" encoding="UTF-8"?>
<!-- Generated by org.testng.reporters.JUnitReportReporter -->
<testsuite hostname="user-PC" name="com.iCM.scripts.FieldsMandatoryAddMedication" tests="1" failures="0" timestamp="19 Mar 2015 12:45:51 GMT" time="359.866" errors="0">
  <testcase name="testFieldsMandatoryAddMedication" time="359.866" classname="com.iCM.scripts.FieldsMandatoryAddMedication"/>
</testsuite> <!-- com.iCM.scripts.FieldsMandatoryAddMedication -->
