<?xml version="1.0" encoding="UTF-8"?>
<!-- Generated by org.testng.reporters.JUnitReportReporter -->
<testsuite hostname="user-PC" name="com.iCM.scripts.AddMedicationEvery5thDay" tests="1" failures="0" timestamp="11 Mar 2015 13:34:08 GMT" time="369.243" errors="0">
  <testcase name="testAddMedicationEvery5thDay" time="369.243" classname="com.iCM.scripts.AddMedicationEvery5thDay"/>
</testsuite> <!-- com.iCM.scripts.AddMedicationEvery5thDay -->
