<?xml version="1.0" encoding="UTF-8"?>
<!-- Generated by org.testng.reporters.JUnitReportReporter -->
<testsuite hostname="user-PC" name="com.iCM.scripts.AddResident" tests="1" failures="0" timestamp="11 Mar 2015 13:34:08 GMT" time="181.730" errors="0">
  <testcase name="testAddResident" time="181.730" classname="com.iCM.scripts.AddResident"/>
</testsuite> <!-- com.iCM.scripts.AddResident -->
