<?xml version="1.0" encoding="UTF-8"?>
<!-- Generated by org.testng.reporters.JUnitReportReporter -->
<testsuite hostname="user-PC" name="com.iCM.scripts.AddMedicationEvery5thDay" tests="1" failures="0" timestamp="27 Feb 2015 10:26:03 GMT" time="404.014" errors="0">
  <testcase name="testAddMedicationEvery5thDay" time="404.014" classname="com.iCM.scripts.AddMedicationEvery5thDay"/>
</testsuite> <!-- com.iCM.scripts.AddMedicationEvery5thDay -->
