<?xml version="1.0" encoding="UTF-8"?>
<!-- Generated by org.testng.reporters.JUnitReportReporter -->
<testsuite hostname="user-PC" name="com.iCM.scripts.DCMedication" tests="1" failures="0" timestamp="11 Feb 2015 07:12:29 GMT" time="233.080" errors="0">
  <testcase name="testDCMedication" time="233.080" classname="com.iCM.scripts.DCMedication"/>
</testsuite> <!-- com.iCM.scripts.DCMedication -->
