<?xml version="1.0" encoding="UTF-8"?>
<!-- Generated by org.testng.reporters.JUnitReportReporter -->
<testsuite hostname="user-PC" name="com.iCM.scripts.AddMedicationEveryOtherDay" tests="1" failures="0" timestamp="11 Mar 2015 13:34:08 GMT" time="377.060" errors="0">
  <testcase name="testAddMedicationEveryOtherDay" time="377.060" classname="com.iCM.scripts.AddMedicationEveryOtherDay"/>
</testsuite> <!-- com.iCM.scripts.AddMedicationEveryOtherDay -->
