<?xml version="1.0" encoding="UTF-8"?>
<!-- Generated by org.testng.reporters.JUnitReportReporter -->
<testsuite hostname="user-PC" name="com.iCM.scripts.EMRAdminResidentRefused" tests="1" failures="0" timestamp="11 Mar 2015 13:34:08 GMT" time="295.345" errors="0">
  <testcase name="testEMRAdminResidentRefused" time="295.345" classname="com.iCM.scripts.EMRAdminResidentRefused"/>
</testsuite> <!-- com.iCM.scripts.EMRAdminResidentRefused -->
