<?xml version="1.0" encoding="UTF-8"?>
<!-- Generated by org.testng.reporters.JUnitReportReporter -->
<testsuite hostname="user-PC" name="com.iCM.scripts.AdministrationSchedule" tests="1" failures="0" timestamp="27 Feb 2015 06:38:40 GMT" time="302.464" errors="0">
  <testcase name="testAdministrationSchedule" time="302.464" classname="com.iCM.scripts.AdministrationSchedule"/>
</testsuite> <!-- com.iCM.scripts.AdministrationSchedule -->
