<?xml version="1.0" encoding="UTF-8"?>
<!-- Generated by org.testng.reporters.JUnitReportReporter -->
<testsuite hostname="user-PC" name="com.iCM.scripts.EMRAdministerUndo" tests="1" failures="0" timestamp="14 Mar 2015 12:15:57 GMT" time="123.111" errors="0">
  <testcase name="testEMRAdministerUndo" time="123.111" classname="com.iCM.scripts.EMRAdministerUndo"/>
</testsuite> <!-- com.iCM.scripts.EMRAdministerUndo -->
