<?xml version="1.0" encoding="UTF-8"?>
<!-- Generated by org.testng.reporters.JUnitReportReporter -->
<testsuite hostname="user-PC" name="com.iCM.scripts.EMRAdministerMAR" tests="1" failures="0" timestamp="14 Mar 2015 12:12:59 GMT" time="83.502" errors="0">
  <testcase name="testEMRAdministerMAR" time="83.502" classname="com.iCM.scripts.EMRAdministerMAR"/>
</testsuite> <!-- com.iCM.scripts.EMRAdministerMAR -->
