<?xml version="1.0" encoding="UTF-8"?>
<!-- Generated by org.testng.reporters.JUnitReportReporter -->
<testsuite hostname="user-PC" name="com.iCM.scripts.EMRAdministerMonthlyViewGreen" tests="1" failures="0" timestamp="10 Mar 2015 16:20:38 GMT" time="91.221" errors="0">
  <testcase name="testEMRAdministerMonthlyViewGreen" time="91.221" classname="com.iCM.scripts.EMRAdministerMonthlyViewGreen"/>
</testsuite> <!-- com.iCM.scripts.EMRAdministerMonthlyViewGreen -->
