<?xml version="1.0" encoding="UTF-8"?>
<!-- Generated by org.testng.reporters.JUnitReportReporter -->
<testsuite hostname="user-PC" name="com.iCM.scripts.AddResident" tests="1" failures="0" timestamp="25 Feb 2015 11:26:00 GMT" time="162.234" errors="0">
  <testcase name="testAddResident" time="162.234" classname="com.iCM.scripts.AddResident"/>
</testsuite> <!-- com.iCM.scripts.AddResident -->
