<?xml version="1.0" encoding="UTF-8"?>
<!-- Generated by org.testng.reporters.JUnitReportReporter -->
<testsuite hostname="user-PC" name="com.iCM.scripts.EMRAdminResidentHoldRecordUpdated" tests="1" failures="0" timestamp="10 Mar 2015 17:29:28 GMT" time="66.456" errors="0">
  <testcase name="testEMRAdminResidentHoldRecordUpdated" time="66.456" classname="com.iCM.scripts.EMRAdminResidentHoldRecordUpdated"/>
</testsuite> <!-- com.iCM.scripts.EMRAdminResidentHoldRecordUpdated -->
