<?xml version="1.0" encoding="UTF-8"?>
<!-- Generated by org.testng.reporters.JUnitReportReporter -->
<testsuite hostname="user-PC" name="com.iCM.scripts.EChartMedication" tests="1" failures="0" timestamp="14 Mar 2015 12:05:21 GMT" time="102.076" errors="0">
  <testcase name="testEChartMedication" time="102.076" classname="com.iCM.scripts.EChartMedication"/>
</testsuite> <!-- com.iCM.scripts.EChartMedication -->
