<?xml version="1.0" encoding="UTF-8"?>
<!-- Generated by org.testng.reporters.JUnitReportReporter -->
<testsuite hostname="user-PC" name="com.iCM.scripts.Omission" tests="1" failures="0" timestamp="23 Feb 2015 18:07:59 GMT" time="316.312" errors="0">
  <testcase name="testOmission" time="316.312" classname="com.iCM.scripts.Omission"/>
</testsuite> <!-- com.iCM.scripts.Omission -->
