<?xml version="1.0" encoding="UTF-8"?>
<!-- Generated by org.testng.reporters.JUnitReportReporter -->
<testsuite hostname="user-PC" name="com.iCM.scripts.EChart" tests="1" failures="0" timestamp="25 Feb 2015 12:46:44 GMT" time="76.092" errors="0">
  <testcase name="testEChart" time="76.092" classname="com.iCM.scripts.EChart"/>
</testsuite> <!-- com.iCM.scripts.EChart -->
