<?xml version="1.0" encoding="UTF-8"?>
<!-- Generated by org.testng.reporters.JUnitReportReporter -->
<testsuite hostname="user-PC" name="com.iCM.scripts.AddMedicationEvery14thDay" tests="1" failures="0" timestamp="11 Mar 2015 16:50:54 GMT" time="556.936" errors="0">
  <testcase name="testAddMedicationEvery14thDay" time="556.936" classname="com.iCM.scripts.AddMedicationEvery14thDay"/>
</testsuite> <!-- com.iCM.scripts.AddMedicationEvery14thDay -->
