<?xml version="1.0" encoding="UTF-8"?>
<!-- Generated by org.testng.reporters.JUnitReportReporter -->
<testsuite hostname="user-PC" name="com.iCM.scripts.AddMedicationEvery10thDay" tests="1" failures="0" timestamp="11 Mar 2015 17:01:47 GMT" time="546.063" errors="0">
  <testcase name="testAddMedicationEvery10thDay" time="546.063" classname="com.iCM.scripts.AddMedicationEvery10thDay"/>
</testsuite> <!-- com.iCM.scripts.AddMedicationEvery10thDay -->
