<?xml version="1.0" encoding="UTF-8"?>
<!-- Generated by org.testng.reporters.JUnitReportReporter -->
<testsuite hostname="user-PC" name="com.iCM.scripts.GenerateEMRReport" tests="1" failures="0" timestamp="10 Mar 2015 15:29:15 GMT" time="116.138" errors="0">
  <testcase name="testGenerateEMRReport" time="116.138" classname="com.iCM.scripts.GenerateEMRReport"/>
</testsuite> <!-- com.iCM.scripts.GenerateEMRReport -->
