<?xml version="1.0" encoding="UTF-8"?>
<!-- Generated by org.testng.reporters.JUnitReportReporter -->
<testsuite hostname="user-PC" name="com.iCM.scripts.EChartAddMedication" tests="1" failures="0" timestamp="14 Mar 2015 12:03:10 GMT" time="213.269" errors="0">
  <testcase name="testEChartAddMedication" time="213.269" classname="com.iCM.scripts.EChartAddMedication"/>
</testsuite> <!-- com.iCM.scripts.EChartAddMedication -->
