<?xml version="1.0" encoding="UTF-8"?>
<!-- Generated by org.testng.reporters.JUnitReportReporter -->
<testsuite hostname="user-PC" name="com.iCM.scripts.AddMedicationDayOfMonth" tests="1" failures="0" timestamp="11 Mar 2015 13:34:08 GMT" time="384.902" errors="0">
  <testcase name="testAddMedicationDayOfMonth" time="384.902" classname="com.iCM.scripts.AddMedicationDayOfMonth"/>
</testsuite> <!-- com.iCM.scripts.AddMedicationDayOfMonth -->
