<?xml version="1.0" encoding="UTF-8"?>
<!-- Generated by org.testng.reporters.JUnitReportReporter -->
<testsuite hostname="user-PC" name="com.iCM.scripts.FieldsAvailableAddEditMedication" tests="1" failures="0" timestamp="19 Mar 2015 12:45:51 GMT" time="335.828" errors="0">
  <testcase name="testFieldsAvailableAddEditMedication" time="335.828" classname="com.iCM.scripts.FieldsAvailableAddEditMedication"/>
</testsuite> <!-- com.iCM.scripts.FieldsAvailableAddEditMedication -->
