<?xml version="1.0" encoding="UTF-8"?>
<!-- Generated by org.testng.reporters.JUnitReportReporter -->
<testsuite hostname="user-PC" name="com.iCM.scripts.AddEditMedicationSchedule" tests="1" failures="0" timestamp="11 Mar 2015 13:34:08 GMT" time="459.986" errors="0">
  <testcase name="testAddEditMedicationSchedule" time="459.986" classname="com.iCM.scripts.AddEditMedicationSchedule"/>
</testsuite> <!-- com.iCM.scripts.AddEditMedicationSchedule -->
