<?xml version="1.0" encoding="UTF-8"?>
<!-- Generated by org.testng.reporters.JUnitReportReporter -->
<testsuite hostname="user-PC" name="com.iCM.scripts.RoutineMedication" tests="1" failures="0" timestamp="19 Mar 2015 12:45:51 GMT" time="277.833" errors="0">
  <testcase name="testRoutineMedication" time="277.833" classname="com.iCM.scripts.RoutineMedication"/>
</testsuite> <!-- com.iCM.scripts.RoutineMedication -->
