<?xml version="1.0" encoding="UTF-8"?>
<!-- Generated by org.testng.reporters.JUnitReportReporter -->
<testsuite hostname="user-PC" name="com.iCM.scripts.AddMedicationEveryOtherDay" tests="1" failures="0" timestamp="27 Feb 2015 09:45:25 GMT" time="263.165" errors="0">
  <testcase name="testAddMedicationEveryOtherDay" time="263.165" classname="com.iCM.scripts.AddMedicationEveryOtherDay"/>
</testsuite> <!-- com.iCM.scripts.AddMedicationEveryOtherDay -->
