<?xml version="1.0" encoding="UTF-8"?>
<!-- Generated by org.testng.reporters.JUnitReportReporter -->
<testsuite hostname="user-PC" name="com.iCM.scripts.Login" tests="1" failures="0" timestamp="11 Mar 2015 13:34:08 GMT" time="43.840" errors="0">
  <testcase name="testLogin" time="43.840" classname="com.iCM.scripts.Login"/>
</testsuite> <!-- com.iCM.scripts.Login -->
