<?xml version="1.0" encoding="UTF-8"?>
<!-- Generated by org.testng.reporters.JUnitReportReporter -->
<testsuite hostname="user-PC" name="com.iCM.scripts.EMRAdminUndo" tests="1" failures="0" timestamp="11 Mar 2015 13:34:08 GMT" time="260.000" errors="0">
  <testcase name="testEMRAdminUndo" time="260.000" classname="com.iCM.scripts.EMRAdminUndo"/>
</testsuite> <!-- com.iCM.scripts.EMRAdminUndo -->
