<?xml version="1.0" encoding="UTF-8"?>
<!-- Generated by org.testng.reporters.JUnitReportReporter -->
<testsuite hostname="user-PC" name="com.iCM.scripts.EMRAdministerUndo" tests="1" failures="0" timestamp="11 Mar 2015 13:34:08 GMT" time="102.543" errors="0">
  <testcase name="testEMRAdministerUndo" time="102.543" classname="com.iCM.scripts.EMRAdministerUndo"/>
</testsuite> <!-- com.iCM.scripts.EMRAdministerUndo -->
