<?xml version="1.0" encoding="UTF-8"?>
<!-- Generated by org.testng.reporters.JUnitReportReporter -->
<testsuite hostname="user-PC" name="com.iCM.scripts.AddMedicationEvery3rdDay" tests="1" failures="0" timestamp="11 Mar 2015 17:48:00 GMT" time="396.654" errors="0">
  <testcase name="testAddMedicationEvery3rdDay" time="396.654" classname="com.iCM.scripts.AddMedicationEvery3rdDay"/>
</testsuite> <!-- com.iCM.scripts.AddMedicationEvery3rdDay -->
