<?xml version="1.0" encoding="UTF-8"?>
<!-- Generated by org.testng.reporters.JUnitReportReporter -->
<testsuite hostname="user-PC" name="com.iCM.scripts.AddMedicationEveryOtherDay" tests="1" failures="0" timestamp="25 Feb 2015 11:54:58 GMT" time="315.101" errors="0">
  <testcase name="testAddMedicationEveryOtherDay" time="315.101" classname="com.iCM.scripts.AddMedicationEveryOtherDay"/>
</testsuite> <!-- com.iCM.scripts.AddMedicationEveryOtherDay -->
