<?xml version="1.0" encoding="UTF-8"?>
<!-- Generated by org.testng.reporters.JUnitReportReporter -->
<testsuite hostname="user-PC" name="com.iCM.scripts.EMRAdminLate" tests="1" failures="0" timestamp="10 Mar 2015 15:59:49 GMT" time="295.957" errors="0">
  <testcase name="testEMRAdminLate" time="295.957" classname="com.iCM.scripts.EMRAdminLate"/>
</testsuite> <!-- com.iCM.scripts.EMRAdminLate -->
