<?xml version="1.0" encoding="UTF-8"?>
<!-- Generated by org.testng.reporters.JUnitReportReporter -->
<testsuite hostname="user-PC" name="com.iCM.scripts.EMRAdministerMAR" tests="1" failures="0" timestamp="11 Mar 2015 13:34:08 GMT" time="74.259" errors="0">
  <testcase name="testEMRAdministerMAR" time="74.259" classname="com.iCM.scripts.EMRAdministerMAR"/>
</testsuite> <!-- com.iCM.scripts.EMRAdministerMAR -->
