<?xml version="1.0" encoding="UTF-8"?>
<!-- Generated by org.testng.reporters.JUnitReportReporter -->
<testsuite hostname="user-PC" name="com.iCM.scripts.EMRAdminResidentHold" tests="1" failures="0" timestamp="14 Mar 2015 12:50:55 GMT" time="354.194" errors="0">
  <testcase name="testEMRAdminResidentHold" time="354.194" classname="com.iCM.scripts.EMRAdminResidentHold"/>
</testsuite> <!-- com.iCM.scripts.EMRAdminResidentHold -->
