<?xml version="1.0" encoding="UTF-8"?>
<!-- Generated by org.testng.reporters.JUnitReportReporter -->
<testsuite hostname="user-PC" name="com.iCM.scripts.Login" tests="1" failures="0" timestamp="11 Feb 2015 07:52:11 GMT" time="46.482" errors="0">
  <testcase name="testLogin" time="46.482" classname="com.iCM.scripts.Login"/>
</testsuite> <!-- com.iCM.scripts.Login -->
