<?xml version="1.0" encoding="UTF-8"?>
<!-- Generated by org.testng.reporters.JUnitReportReporter -->
<testsuite hostname="user-PC" name="com.iCM.scripts.AdministrationSchedule" tests="1" failures="0" timestamp="17 Feb 2015 16:39:49 GMT" time="312.036" errors="0">
  <testcase name="testAdministrationSchedule" time="312.036" classname="com.iCM.scripts.AdministrationSchedule"/>
</testsuite> <!-- com.iCM.scripts.AdministrationSchedule -->
