<?xml version="1.0" encoding="UTF-8"?>
<!-- Generated by org.testng.reporters.JUnitReportReporter -->
<testsuite hostname="user-PC" name="com.iCM.scripts.EMRAdministerUndo" tests="1" failures="0" timestamp="27 Feb 2015 15:04:47 GMT" time="120.789" errors="0">
  <testcase name="testEMRAdministerLate" time="120.789" classname="com.iCM.scripts.EMRAdministerUndo"/>
</testsuite> <!-- com.iCM.scripts.EMRAdministerUndo -->
