<?xml version="1.0" encoding="UTF-8"?>
<!-- Generated by org.testng.reporters.JUnitReportReporter -->
<testsuite hostname="user-PC" name="com.iCM.scripts.EMRAdministerMonthlyViewGreen" tests="1" failures="0" timestamp="11 Mar 2015 13:34:08 GMT" time="90.170" errors="0">
  <testcase name="testEMRAdministerMonthlyViewGreen" time="90.170" classname="com.iCM.scripts.EMRAdministerMonthlyViewGreen"/>
</testsuite> <!-- com.iCM.scripts.EMRAdministerMonthlyViewGreen -->
