<?xml version="1.0" encoding="UTF-8"?>
<!-- Generated by org.testng.reporters.JUnitReportReporter -->
<testsuite hostname="user-PC" name="com.iCM.scripts.AdministrationSchedule" tests="1" failures="0" timestamp="25 Feb 2015 12:33:37 GMT" time="312.410" errors="0">
  <testcase name="testAdministrationSchedule" time="312.410" classname="com.iCM.scripts.AdministrationSchedule"/>
</testsuite> <!-- com.iCM.scripts.AdministrationSchedule -->
