<?xml version="1.0" encoding="UTF-8"?>
<!-- Generated by org.testng.reporters.JUnitReportReporter -->
<testsuite hostname="user-PC" name="com.iCM.scripts.AddMedicationEvery5thDay" tests="1" failures="0" timestamp="1 Mar 2015 12:12:42 GMT" time="371.940" errors="0">
  <testcase name="testAddMedicationEvery5thDay" time="371.940" classname="com.iCM.scripts.AddMedicationEvery5thDay"/>
</testsuite> <!-- com.iCM.scripts.AddMedicationEvery5thDay -->
