<?xml version="1.0" encoding="UTF-8"?>
<!-- Generated by org.testng.reporters.JUnitReportReporter -->
<testsuite hostname="user-PC" name="com.iCM.scripts.EChartMedication" tests="1" failures="0" timestamp="11 Feb 2015 09:10:51 GMT" time="388.104" errors="0">
  <testcase name="testEChartMedication" time="388.104" classname="com.iCM.scripts.EChartMedication"/>
</testsuite> <!-- com.iCM.scripts.EChartMedication -->
