<?xml version="1.0" encoding="UTF-8"?>
<!-- Generated by org.testng.reporters.JUnitReportReporter -->
<testsuite hostname="user-PC" name="com.iCM.scripts.AdministrationSchedule" tests="1" failures="0" timestamp="11 Mar 2015 13:34:08 GMT" time="293.263" errors="0">
  <testcase name="testAdministrationSchedule" time="293.263" classname="com.iCM.scripts.AdministrationSchedule"/>
</testsuite> <!-- com.iCM.scripts.AdministrationSchedule -->
