<?xml version="1.0" encoding="UTF-8"?>
<!-- Generated by org.testng.reporters.JUnitReportReporter -->
<testsuite hostname="user-PC" name="com.iCM.scripts.EMRAdminLate" tests="1" failures="0" timestamp="11 Mar 2015 13:34:08 GMT" time="291.141" errors="0">
  <testcase name="testEMRAdminLate" time="291.141" classname="com.iCM.scripts.EMRAdminLate"/>
</testsuite> <!-- com.iCM.scripts.EMRAdminLate -->
