<?xml version="1.0" encoding="UTF-8"?>
<!-- Generated by org.testng.reporters.JUnitReportReporter -->
<testsuite hostname="user-PC" name="com.iCM.scripts.NotesToMedicine" tests="1" failures="0" timestamp="11 Mar 2015 13:34:08 GMT" time="191.093" errors="0">
  <testcase name="testNotesToMedicine" time="191.093" classname="com.iCM.scripts.NotesToMedicine"/>
</testsuite> <!-- com.iCM.scripts.NotesToMedicine -->
