<?xml version="1.0" encoding="UTF-8"?>
<!-- Generated by org.testng.reporters.JUnitReportReporter -->
<testsuite hostname="user-PC" name="com.iCM.scripts.AddEditMedicationSchedule" tests="1" failures="0" timestamp="18 Mar 2015 16:21:20 GMT" time="692.117" errors="0">
  <testcase name="testAddEditMedicationSchedule" time="692.117" classname="com.iCM.scripts.AddEditMedicationSchedule"/>
</testsuite> <!-- com.iCM.scripts.AddEditMedicationSchedule -->
