<?xml version="1.0" encoding="UTF-8"?>
<!-- Generated by org.testng.reporters.JUnitReportReporter -->
<testsuite hostname="user-PC" name="com.iCM.scripts.ViewEChartMedication" tests="1" failures="0" timestamp="11 Feb 2015 08:03:33 GMT" time="192.282" errors="0">
  <testcase name="testViewEChartMedication" time="192.282" classname="com.iCM.scripts.ViewEChartMedication"/>
</testsuite> <!-- com.iCM.scripts.ViewEChartMedication -->
