<?xml version="1.0" encoding="UTF-8"?>
<!-- Generated by org.testng.reporters.JUnitReportReporter -->
<testsuite hostname="user-PC" name="com.iCM.scripts.EMREChartMedication" tests="1" failures="0" timestamp="25 Feb 2015 13:12:57 GMT" time="132.320" errors="0">
  <testcase name="testEMREChartMedication" time="132.320" classname="com.iCM.scripts.EMREChartMedication"/>
</testsuite> <!-- com.iCM.scripts.EMREChartMedication -->
