<?xml version="1.0" encoding="UTF-8"?>
<!-- Generated by org.testng.reporters.JUnitReportReporter -->
<testsuite hostname="user-PC" name="com.iCM.scripts.HoldMedicine" tests="1" failures="0" timestamp="11 Mar 2015 13:34:08 GMT" time="365.040" errors="0">
  <testcase name="testHoldMedicine" time="365.040" classname="com.iCM.scripts.HoldMedicine"/>
</testsuite> <!-- com.iCM.scripts.HoldMedicine -->
