<?xml version="1.0" encoding="UTF-8"?>
<!-- Generated by org.testng.reporters.JUnitReportReporter -->
<testsuite hostname="user-PC" name="com.iCM.scripts.GenerateEMRReport" tests="1" failures="0" timestamp="11 Mar 2015 13:34:08 GMT" time="108.071" errors="0">
  <testcase name="testGenerateEMRReport" time="108.071" classname="com.iCM.scripts.GenerateEMRReport"/>
</testsuite> <!-- com.iCM.scripts.GenerateEMRReport -->
