<?xml version="1.0" encoding="UTF-8"?>
<!-- Generated by org.testng.reporters.JUnitReportReporter -->
<testsuite hostname="user-PC" name="com.iCM.scripts.EMRAdministerMonthlyViewOrange" tests="1" failures="0" timestamp="11 Mar 2015 13:34:08 GMT" time="313.490" errors="0">
  <testcase name="testEMRAdministerMonthlyViewOrange" time="313.490" classname="com.iCM.scripts.EMRAdministerMonthlyViewOrange"/>
</testsuite> <!-- com.iCM.scripts.EMRAdministerMonthlyViewOrange -->
