<?xml version="1.0" encoding="UTF-8"?>
<!-- Generated by org.testng.reporters.JUnitReportReporter -->
<testsuite hostname="user-PC" name="com.iCM.scripts.EChartMedication" tests="1" failures="0" timestamp="11 Mar 2015 13:34:08 GMT" time="75.292" errors="0">
  <testcase name="testEChartMedication" time="75.292" classname="com.iCM.scripts.EChartMedication"/>
</testsuite> <!-- com.iCM.scripts.EChartMedication -->
