<?xml version="1.0" encoding="UTF-8"?>
<!-- Generated by org.testng.reporters.JUnitReportReporter -->
<testsuite hostname="user-PC" name="com.iCM.scripts.AddMedicationEvery10thDay" tests="1" failures="0" timestamp="27 Feb 2015 07:41:10 GMT" time="294.504" errors="0">
  <testcase name="testAddMedicationEvery10thDay" time="294.504" classname="com.iCM.scripts.AddMedicationEvery10thDay"/>
</testsuite> <!-- com.iCM.scripts.AddMedicationEvery10thDay -->
