<?xml version="1.0" encoding="UTF-8"?>
<!-- Generated by org.testng.reporters.JUnitReportReporter -->
<testsuite hostname="user-PC" name="com.iCM.scripts.Login" tests="1" failures="0" timestamp="25 Feb 2015 11:26:00 GMT" time="43.520" errors="0">
  <testcase name="testLogin" time="43.520" classname="com.iCM.scripts.Login"/>
</testsuite> <!-- com.iCM.scripts.Login -->
