<?xml version="1.0" encoding="UTF-8"?>
<!-- Generated by org.testng.reporters.JUnitReportReporter -->
<testsuite hostname="user-PC" name="com.iCM.scripts.EMRAdminLateReading" tests="1" failures="0" timestamp="14 Mar 2015 12:42:07 GMT" time="310.507" errors="0">
  <testcase name="testEMRAdminLateReading" time="310.507" classname="com.iCM.scripts.EMRAdminLateReading"/>
</testsuite> <!-- com.iCM.scripts.EMRAdminLateReading -->
