<?xml version="1.0" encoding="UTF-8"?>
<!-- Generated by org.testng.reporters.JUnitReportReporter -->
<testsuite hostname="user-PC" name="com.iCM.scripts.EMRAdminResidentPhysically" tests="1" failures="0" timestamp="14 Mar 2015 13:03:29 GMT" time="326.644" errors="0">
  <testcase name="testEMRAdminResidentHold" time="326.644" classname="com.iCM.scripts.EMRAdminResidentPhysically"/>
</testsuite> <!-- com.iCM.scripts.EMRAdminResidentPhysically -->
