<?xml version="1.0" encoding="UTF-8"?>
<!-- Generated by org.testng.reporters.JUnitReportReporter -->
<testsuite hostname="user-PC" name="com.iCM.scripts.ViewEChartMedication" tests="1" failures="0" timestamp="11 Mar 2015 13:34:08 GMT" time="98.450" errors="0">
  <testcase name="testViewEChartMedication" time="98.450" classname="com.iCM.scripts.ViewEChartMedication"/>
</testsuite> <!-- com.iCM.scripts.ViewEChartMedication -->
